<?xml version="1.0" encoding="UTF-8"?>
<!-- Generated by org.testng.reporters.JUnitReportReporter -->
<testsuite skipped="0" hostname="LAPTOP-KU6KAF8K" name="main.java.com.metrobank.automation.testcase.ConnectionTestCase" tests="1" failures="0" timestamp="23 Mar 2020 09:30:56 GMT" time="24.625" errors="0">
  <testcase name="testConnectionCase" time="24.625" classname="main.java.com.metrobank.automation.testcase.ConnectionTestCase"/>
</testsuite> <!-- main.java.com.metrobank.automation.testcase.ConnectionTestCase -->
