<?xml version="1.0" encoding="UTF-8"?>
<!-- Generated by org.testng.reporters.JUnitReportReporter -->
<testsuite skipped="0" hostname="LAPTOP-KU6KAF8K" name="main.test.TestConnection" tests="1" failures="0" timestamp="17 Mar 2020 05:29:18 GMT" time="2.986" errors="0">
  <testcase name="testConnectionCase" time="2.986" classname="main.test.TestConnection"/>
</testsuite> <!-- main.test.TestConnection -->
