<?xml version="1.0" encoding="UTF-8"?>
<!-- Generated by org.testng.reporters.JUnitReportReporter -->
<testsuite skipped="0" hostname="LAPTOP-KU6KAF8K" name="main.java.com.metrobank.automation.testcase.TestCase02" tests="1" failures="0" timestamp="31 Mar 2020 03:02:53 GMT" time="12.690" errors="0">
  <testcase name="testCase2" time="12.690" classname="main.java.com.metrobank.automation.testcase.TestCase02"/>
</testsuite> <!-- main.java.com.metrobank.automation.testcase.TestCase02 -->
