<?xml version="1.0" encoding="UTF-8"?>
<!-- Generated by org.testng.reporters.JUnitReportReporter -->
<testsuite skipped="0" hostname="LAPTOP-KU6KAF8K" name="main.java.Constants.LoadConnection" tests="1" failures="0" timestamp="17 Mar 2020 03:03:35 GMT" time="13.730" errors="0">
  <testcase name="testConnection" time="13.730" classname="main.java.Constants.LoadConnection"/>
</testsuite> <!-- main.java.Constants.LoadConnection -->
