<?xml version="1.0" encoding="UTF-8"?>
<!-- Generated by org.testng.reporters.JUnitReportReporter -->
<testsuite skipped="0" hostname="LAPTOP-KU6KAF8K" name="main.java.com.metrobank.automation.testcase.TestCase01" tests="1" failures="0" timestamp="24 Mar 2020 02:22:38 GMT" time="25.379" errors="0">
  <testcase name="testCase" time="25.379" classname="main.java.com.metrobank.automation.testcase.TestCase01"/>
</testsuite> <!-- main.java.com.metrobank.automation.testcase.TestCase01 -->
