<?xml version="1.0" encoding="UTF-8"?>
<!-- Generated by org.testng.reporters.JUnitReportReporter -->
<testsuite skipped="0" hostname="LAPTOP-KU6KAF8K" name="main.java.com.metrobank.automation.testcase.TestCase02" tests="1" failures="0" timestamp="6 Apr 2020 09:52:39 GMT" time="14.933" errors="0">
  <testcase name="testCase2" time="14.933" classname="main.java.com.metrobank.automation.testcase.TestCase02"/>
</testsuite> <!-- main.java.com.metrobank.automation.testcase.TestCase02 -->
