<?xml version="1.0" encoding="UTF-8"?>
<!-- Generated by org.testng.reporters.JUnitReportReporter -->
<testsuite skipped="0" hostname="LAPTOP-KU6KAF8K" name="main.java.com.metrobank.automation.testcase.ConnectionTestCase" tests="1" failures="0" timestamp="17 Mar 2020 10:50:28 GMT" time="17.582" errors="0">
  <testcase name="testConnectionCase" time="17.582" classname="main.java.com.metrobank.automation.testcase.ConnectionTestCase"/>
</testsuite> <!-- main.java.com.metrobank.automation.testcase.ConnectionTestCase -->
