<?xml version="1.0" encoding="UTF-8"?>
<!-- Generated by org.testng.reporters.JUnitReportReporter -->
<testsuite skipped="0" hostname="LAPTOP-KU6KAF8K" name="main.java.com.metrobank.automation.testcase.TestPDFExtract" tests="1" failures="0" timestamp="7 Apr 2020 08:06:24 GMT" time="19.956" errors="0">
  <testcase name="testExtract" time="19.956" classname="main.java.com.metrobank.automation.testcase.TestPDFExtract"/>
</testsuite> <!-- main.java.com.metrobank.automation.testcase.TestPDFExtract -->
