<?xml version="1.0" encoding="UTF-8"?>
<!-- Generated by org.testng.reporters.JUnitReportReporter -->
<testsuite skipped="0" hostname="LAPTOP-KU6KAF8K" name="main.java.com.metrobank.automation.testcase.TestCase02" tests="1" failures="0" timestamp="27 Mar 2020 08:14:49 GMT" time="12.202" errors="0">
  <testcase name="testCase2" time="12.202" classname="main.java.com.metrobank.automation.testcase.TestCase02"/>
</testsuite> <!-- main.java.com.metrobank.automation.testcase.TestCase02 -->
