<?xml version="1.0" encoding="UTF-8"?>
<!-- Generated by org.testng.reporters.JUnitReportReporter -->
<testsuite skipped="0" hostname="LAPTOP-KU6KAF8K" name="main.java.com.metrobank.automation.testcase.TestCase03" tests="1" failures="0" timestamp="6 Apr 2020 10:20:22 GMT" time="17.750" errors="0">
  <testcase name="testCase3" time="17.750" classname="main.java.com.metrobank.automation.testcase.TestCase03"/>
</testsuite> <!-- main.java.com.metrobank.automation.testcase.TestCase03 -->
