<?xml version="1.0" encoding="UTF-8"?>
<!-- Generated by org.testng.reporters.JUnitReportReporter -->
<testsuite skipped="0" hostname="LAPTOP-KU6KAF8K" name="main.java.com.metrobank.automation.testcase.ConnectionTestCase01" tests="1" failures="0" timestamp="24 Mar 2020 00:08:04 GMT" time="12.473" errors="0">
  <testcase name="testConnection" time="12.473" classname="main.java.com.metrobank.automation.testcase.ConnectionTestCase01"/>
</testsuite> <!-- main.java.com.metrobank.automation.testcase.ConnectionTestCase01 -->
